<?xml version="1.0" encoding="UTF-8"?>
<!-- Generated by org.testng.reporters.JUnitReportReporter -->
<testsuite skipped="0" hostname="TVT-A-EC-729" name="Hello.Hello.Open" tests="1" failures="0" timestamp="09 Apr 2020 15:57:55 GMT" time="0.006" errors="0">
  <testcase name="hello" time="0.006" classname="Hello.Hello.Open"/>
</testsuite> <!-- Hello.Hello.Open -->
